<?xml version="1.0" encoding="UTF-8"?>
<testng-results skipped="0" failed="0" ignored="0" total="1" passed="1">
  <reporter-output>
  </reporter-output>
  <suite name="Default suite" duration-ms="76" started-at="2020-05-13T08:08:01Z" finished-at="2020-05-13T08:08:01Z">
    <groups>
    </groups>
    <test name="Default test" duration-ms="76" started-at="2020-05-13T08:08:01Z" finished-at="2020-05-13T08:08:01Z">
      <class name="com_Reports_Test.Log4j">
        <test-method status="PASS" signature="testA()[pri:0, instance:com_Reports_Test.Log4j@548e7350]" name="testA" duration-ms="27" started-at="2020-05-13T08:08:01Z" finished-at="2020-05-13T08:08:01Z">
          <reporter-output>
          </reporter-output>
        </test-method> <!-- testA -->
      </class> <!-- com_Reports_Test.Log4j -->
    </test> <!-- Default test -->
  </suite> <!-- Default suite -->
</testng-results>
